[2022-06-17 19:16:27,352] {taskinstance.py:1159} INFO - Dependencies all met for <TaskInstance: e-t-l.test manual__2022-06-17T19:16:20.101373+00:00 [queued]>
[2022-06-17 19:16:27,431] {taskinstance.py:1159} INFO - Dependencies all met for <TaskInstance: e-t-l.test manual__2022-06-17T19:16:20.101373+00:00 [queued]>
[2022-06-17 19:16:27,432] {taskinstance.py:1356} INFO - 
--------------------------------------------------------------------------------
[2022-06-17 19:16:27,432] {taskinstance.py:1357} INFO - Starting attempt 1 of 1
[2022-06-17 19:16:27,435] {taskinstance.py:1358} INFO - 
--------------------------------------------------------------------------------
[2022-06-17 19:16:27,597] {taskinstance.py:1377} INFO - Executing <Task(PythonOperator): test> on 2022-06-17 19:16:20.101373+00:00
[2022-06-17 19:16:27,619] {standard_task_runner.py:52} INFO - Started process 18966 to run task
[2022-06-17 19:16:27,629] {standard_task_runner.py:79} INFO - Running: ['***', 'tasks', 'run', 'e-t-l', 'test', 'manual__2022-06-17T19:16:20.101373+00:00', '--job-id', '558', '--raw', '--subdir', 'DAGS_FOLDER/new-new.py', '--cfg-path', '/tmp/tmptnad2ik1', '--error-file', '/tmp/tmpld6f_0t6']
[2022-06-17 19:16:27,641] {standard_task_runner.py:80} INFO - Job 558: Subtask test
[2022-06-17 19:16:28,142] {task_command.py:370} INFO - Running <TaskInstance: e-t-l.test manual__2022-06-17T19:16:20.101373+00:00 [running]> on host fe209149cfc1
[2022-06-17 19:16:28,746] {taskinstance.py:1571} INFO - Exporting the following env vars:
AIRFLOW_CTX_DAG_OWNER=***
AIRFLOW_CTX_DAG_ID=e-t-l
AIRFLOW_CTX_TASK_ID=test
AIRFLOW_CTX_EXECUTION_DATE=2022-06-17T19:16:20.101373+00:00
AIRFLOW_CTX_TRY_NUMBER=1
AIRFLOW_CTX_DAG_RUN_ID=manual__2022-06-17T19:16:20.101373+00:00
[2022-06-17 19:16:28,816] {taskinstance.py:1889} ERROR - Task failed with exception
Traceback (most recent call last):
  File "/home/airflow/.local/lib/python3.7/site-packages/airflow/operators/python.py", line 171, in execute
    return_value = self.execute_callable()
  File "/home/airflow/.local/lib/python3.7/site-packages/airflow/operators/python.py", line 189, in execute_callable
    return self.python_callable(*self.op_args, **self.op_kwargs)
  File "/opt/airflow/dags/new-new.py", line 22, in get_source_data
    extraction_sql=Variable.get("extraction_sql",deserialize_json=True)
  File "/home/airflow/.local/lib/python3.7/site-packages/airflow/models/variable.py", line 141, in get
    obj = json.loads(var_val)
  File "/usr/local/lib/python3.7/json/__init__.py", line 348, in loads
    return _default_decoder.decode(s)
  File "/usr/local/lib/python3.7/json/decoder.py", line 337, in decode
    obj, end = self.raw_decode(s, idx=_w(s, 0).end())
  File "/usr/local/lib/python3.7/json/decoder.py", line 353, in raw_decode
    obj, end = self.scan_once(s, idx)
json.decoder.JSONDecodeError: Invalid control character at: line 1 column 127 (char 126)
[2022-06-17 19:16:28,948] {taskinstance.py:1400} INFO - Marking task as FAILED. dag_id=e-t-l, task_id=test, execution_date=20220617T191620, start_date=20220617T191627, end_date=20220617T191628
[2022-06-17 19:16:28,993] {standard_task_runner.py:97} ERROR - Failed to execute job 558 for task test (Invalid control character at: line 1 column 127 (char 126); 18966)
[2022-06-17 19:16:29,023] {local_task_job.py:156} INFO - Task exited with return code 1
[2022-06-17 19:16:29,325] {local_task_job.py:273} INFO - 0 downstream tasks scheduled from follow-on schedule check
